[17:27:51] INFO: Started task 'Generate 'Minecraft Fabric 1.19.3' mod'
[17:27:51] INFO: Started task 'Create gradle files'
[17:27:51] INFO: Completed task 'Create gradle files'
[17:27:51] INFO: Started task 'Create gradle files'
[17:27:51] INFO: Started task 'Create gradle.properties'
[17:27:51] INFO: Completed task 'Create gradle.properties'
[17:27:51] INFO: Completed task 'Create gradle files'
[17:27:51] INFO: Started task 'Create fabric.mod.json'
[17:27:51] INFO: Completed task 'Create fabric.mod.json'
[17:27:51] INFO: Started task 'Create language files'
[17:27:51] INFO: Completed task 'Create language files'
[17:27:51] INFO: Started task 'Create Blocks.java'
[17:27:51] WARN: Block proto7_glass is transparent and transparent blocks hasn't been implemented yet
[17:27:51] WARN: Block proto7_leaves is transparent and transparent blocks hasn't been implemented yet
[17:27:51] INFO: Completed task 'Create Blocks.java'
[17:27:51] INFO: Started task 'Create Items.java'
[17:27:51] WARN: Item tomato_1 is edible and edible items hasn't been implemented yet
[17:27:51] WARN: Item carrot_1 is edible and edible items hasn't been implemented yet
[17:27:51] WARN: Item coffee_1 is edible and edible items hasn't been implemented yet
[17:27:51] WARN: Item banana_1 is edible and edible items hasn't been implemented yet
[17:27:51] WARN: Item mango_1 is edible and edible items hasn't been implemented yet
[17:27:51] WARN: Item peanut_butter_1 is edible and edible items hasn't been implemented yet
[17:27:51] INFO: Completed task 'Create Items.java'
[17:27:51] INFO: Started task 'Create MainItemGroup.java'
[17:27:51] INFO: Completed task 'Create MainItemGroup.java'
[17:27:51] INFO: Started task 'Create recipe files'
[17:27:51] INFO: Started task 'PLACEHOLDER! main task 'crafting' sub task 'shaped''
[17:27:51] WARN: Shaped recipes not implemented
[17:27:51] INFO: Completed sub task 'PLACEHOLDER! main task 'crafting' sub task 'shaped''
[17:27:51] INFO: Started task 'PLACEHOLDER! main task 'crafting' sub task 'shapeless''
[17:27:51] INFO: Completed sub task 'PLACEHOLDER! main task 'crafting' sub task 'shapeless''
[17:27:51] INFO: Started task 'PLACEHOLDER! main task 'crafting' sub task 'smelting''
[17:27:51] INFO: Completed sub task 'PLACEHOLDER! main task 'crafting' sub task 'smelting''
[17:27:51] INFO: Completed task 'Create recipe files'
[17:27:51] INFO: Started task 'Copy resources to output'
[17:27:51] INFO: Started task 'Write language files'
[17:27:51] INFO: Completed sub task 'Write language files'
[17:27:51] INFO: Started task 'Write fabric.mod.json'
[17:27:51] INFO: Completed sub task 'Write fabric.mod.json'
[17:27:51] INFO: Started task 'Copy textures to output'
[17:27:52] INFO: Completed sub task 'Copy textures to output'
[17:27:52] INFO: Completed task 'Copy resources to output'
[17:27:52] INFO: Completed task 'Generate 'Minecraft Fabric 1.19.3' mod'
[17:32:35] INFO: Started task 'Generate 'Minecraft Fabric 1.19.3' mod'
[17:32:35] INFO: Started task 'Create gradle files'
[17:32:35] INFO: Completed task 'Create gradle files'
[17:32:35] INFO: Started task 'Create gradle files'
[17:32:35] INFO: Started task 'Create gradle.properties'
[17:32:35] INFO: Completed task 'Create gradle.properties'
[17:32:35] INFO: Completed task 'Create gradle files'
[17:32:35] INFO: Started task 'Create fabric.mod.json'
[17:32:35] INFO: Completed task 'Create fabric.mod.json'
[17:32:35] INFO: Started task 'Create language files'
[17:32:35] INFO: Completed task 'Create language files'
[17:32:35] INFO: Started task 'Create Blocks.java'
[17:32:35] WARN: Block proto7_glass is transparent and transparent blocks hasn't been implemented yet
[17:32:35] WARN: Block proto7_leaves is transparent and transparent blocks hasn't been implemented yet
[17:32:35] INFO: Completed task 'Create Blocks.java'
[17:32:35] INFO: Started task 'Create Items.java'
[17:32:35] WARN: Item tomato_1 is edible and edible items hasn't been implemented yet
[17:32:35] WARN: Item carrot_1 is edible and edible items hasn't been implemented yet
[17:32:35] WARN: Item coffee_1 is edible and edible items hasn't been implemented yet
[17:32:35] WARN: Item banana_1 is edible and edible items hasn't been implemented yet
[17:32:35] WARN: Item mango_1 is edible and edible items hasn't been implemented yet
[17:32:35] WARN: Item peanut_butter_1 is edible and edible items hasn't been implemented yet
[17:32:35] INFO: Completed task 'Create Items.java'
[17:32:35] INFO: Started task 'Create MainItemGroup.java'
[17:32:35] INFO: Completed task 'Create MainItemGroup.java'
[17:32:35] INFO: Started task 'Create recipe files'
[17:32:35] INFO: Started task 'PLACEHOLDER! main task 'crafting' sub task 'shaped''
[17:32:35] WARN: Shaped recipes not implemented
[17:32:35] INFO: Completed sub task 'PLACEHOLDER! main task 'crafting' sub task 'shaped''
[17:32:35] INFO: Started task 'PLACEHOLDER! main task 'crafting' sub task 'shapeless''
[17:32:35] INFO: Completed sub task 'PLACEHOLDER! main task 'crafting' sub task 'shapeless''
[17:32:35] INFO: Started task 'PLACEHOLDER! main task 'crafting' sub task 'smelting''
[17:32:35] INFO: Completed sub task 'PLACEHOLDER! main task 'crafting' sub task 'smelting''
[17:32:35] INFO: Completed task 'Create recipe files'
[17:32:35] INFO: Started task 'Copy resources to output'
[17:32:35] INFO: Started task 'Write language files'
[17:32:35] INFO: Completed sub task 'Write language files'
[17:32:35] INFO: Started task 'Write fabric.mod.json'
[17:32:35] INFO: Completed sub task 'Write fabric.mod.json'
[17:32:35] INFO: Started task 'Copy textures to output'
[17:32:35] INFO: Completed sub task 'Copy textures to output'
[17:32:35] INFO: Completed task 'Copy resources to output'
[17:32:35] INFO: Completed task 'Generate 'Minecraft Fabric 1.19.3' mod'
[17:35:29] INFO: Started task 'Generate 'Minecraft Fabric 1.19.3' mod'
[17:35:29] INFO: Started task 'Create gradle files'
[17:35:29] INFO: Completed task 'Create gradle files'
[17:35:29] INFO: Started task 'Create gradle files'
[17:35:29] INFO: Started task 'Create gradle.properties'
[17:35:29] INFO: Completed task 'Create gradle.properties'
[17:35:29] INFO: Completed task 'Create gradle files'
[17:35:29] INFO: Started task 'Create fabric.mod.json'
[17:35:29] INFO: Completed task 'Create fabric.mod.json'
[17:35:29] INFO: Started task 'Create language files'
[17:35:29] INFO: Completed task 'Create language files'
[17:35:29] INFO: Started task 'Create Blocks.java'
[17:35:29] WARN: Block proto7_glass is transparent and transparent blocks hasn't been implemented yet
[17:35:29] WARN: Block proto7_leaves is transparent and transparent blocks hasn't been implemented yet
[17:35:29] INFO: Completed task 'Create Blocks.java'
[17:35:29] INFO: Started task 'Create Items.java'
[17:35:29] WARN: Item tomato_1 is edible and edible items hasn't been implemented yet
[17:35:29] WARN: Item carrot_1 is edible and edible items hasn't been implemented yet
[17:35:29] WARN: Item coffee_1 is edible and edible items hasn't been implemented yet
[17:35:29] WARN: Item banana_1 is edible and edible items hasn't been implemented yet
[17:35:29] WARN: Item mango_1 is edible and edible items hasn't been implemented yet
[17:35:29] WARN: Item peanut_butter_1 is edible and edible items hasn't been implemented yet
[17:35:29] INFO: Completed task 'Create Items.java'
[17:35:29] INFO: Started task 'Create MainItemGroup.java'
[17:35:29] INFO: Completed task 'Create MainItemGroup.java'
[17:35:29] INFO: Started task 'Create recipe files'
[17:35:29] INFO: Started task 'PLACEHOLDER! main task 'crafting' sub task 'shaped''
[17:35:29] WARN: Shaped recipes not implemented
[17:35:29] INFO: Completed sub task 'PLACEHOLDER! main task 'crafting' sub task 'shaped''
[17:35:29] INFO: Started task 'PLACEHOLDER! main task 'crafting' sub task 'shapeless''
[17:35:29] INFO: Completed sub task 'PLACEHOLDER! main task 'crafting' sub task 'shapeless''
[17:35:29] INFO: Started task 'PLACEHOLDER! main task 'crafting' sub task 'smelting''
[17:35:29] INFO: Completed sub task 'PLACEHOLDER! main task 'crafting' sub task 'smelting''
[17:35:29] INFO: Completed task 'Create recipe files'
[17:35:29] INFO: Started task 'Copy resources to output'
[17:35:29] INFO: Started task 'Write language files'
[17:35:29] INFO: Completed sub task 'Write language files'
[17:35:29] INFO: Started task 'Write fabric.mod.json'
[17:35:29] INFO: Completed sub task 'Write fabric.mod.json'
[17:35:29] INFO: Started task 'Copy textures to output'
[17:35:29] INFO: Completed sub task 'Copy textures to output'
[17:35:29] INFO: Completed task 'Copy resources to output'
[17:35:29] INFO: Completed task 'Generate 'Minecraft Fabric 1.19.3' mod'
[17:35:53] INFO: Started task 'Generate 'Minecraft Fabric 1.19.3' mod'
[17:35:53] INFO: Started task 'Create gradle files'
[17:35:53] INFO: Completed task 'Create gradle files'
[17:35:53] INFO: Started task 'Create gradle files'
[17:35:53] INFO: Started task 'Create gradle.properties'
[17:35:53] INFO: Completed task 'Create gradle.properties'
[17:35:53] INFO: Completed task 'Create gradle files'
[17:35:53] INFO: Started task 'Create fabric.mod.json'
[17:35:53] INFO: Completed task 'Create fabric.mod.json'
[17:35:53] INFO: Started task 'Create language files'
[17:35:53] INFO: Completed task 'Create language files'
[17:35:53] INFO: Started task 'Create Blocks.java'
[17:35:53] WARN: Block proto7_glass is transparent and transparent blocks hasn't been implemented yet
[17:35:53] WARN: Block proto7_leaves is transparent and transparent blocks hasn't been implemented yet
[17:35:53] INFO: Completed task 'Create Blocks.java'
[17:35:53] INFO: Started task 'Create Items.java'
[17:35:53] WARN: Item tomato_1 is edible and edible items hasn't been implemented yet
[17:35:53] WARN: Item carrot_1 is edible and edible items hasn't been implemented yet
[17:35:53] WARN: Item coffee_1 is edible and edible items hasn't been implemented yet
[17:35:53] WARN: Item banana_1 is edible and edible items hasn't been implemented yet
[17:35:53] WARN: Item mango_1 is edible and edible items hasn't been implemented yet
[17:35:53] WARN: Item peanut_butter_1 is edible and edible items hasn't been implemented yet
[17:35:53] INFO: Completed task 'Create Items.java'
[17:35:53] INFO: Started task 'Create MainItemGroup.java'
[17:35:53] INFO: Completed task 'Create MainItemGroup.java'
[17:35:53] INFO: Started task 'Create recipe files'
[17:35:53] INFO: Started task 'PLACEHOLDER! main task 'crafting' sub task 'shaped''
[17:35:53] WARN: Shaped recipes not implemented
[17:35:53] INFO: Completed sub task 'PLACEHOLDER! main task 'crafting' sub task 'shaped''
[17:35:53] INFO: Started task 'PLACEHOLDER! main task 'crafting' sub task 'shapeless''
[17:35:53] INFO: Completed sub task 'PLACEHOLDER! main task 'crafting' sub task 'shapeless''
[17:35:53] INFO: Started task 'PLACEHOLDER! main task 'crafting' sub task 'smelting''
[17:35:53] INFO: Completed sub task 'PLACEHOLDER! main task 'crafting' sub task 'smelting''
[17:35:53] INFO: Completed task 'Create recipe files'
[17:35:53] INFO: Started task 'Copy resources to output'
[17:35:53] INFO: Started task 'Write language files'
[17:35:53] INFO: Completed sub task 'Write language files'
[17:35:53] INFO: Started task 'Write fabric.mod.json'
[17:35:53] INFO: Completed sub task 'Write fabric.mod.json'
[17:35:53] INFO: Started task 'Copy textures to output'
[17:35:53] INFO: Completed sub task 'Copy textures to output'
[17:35:53] INFO: Completed task 'Copy resources to output'
[17:35:53] INFO: Completed task 'Generate 'Minecraft Fabric 1.19.3' mod'
[17:38:30] INFO: Started task 'Generate 'Minecraft Fabric 1.19.3' mod'
[17:38:30] INFO: Started task 'Create gradle files'
[17:38:30] INFO: Completed task 'Create gradle files'
[17:38:30] INFO: Started task 'Create gradle files'
[17:38:30] INFO: Started task 'Create gradle.properties'
[17:38:30] INFO: Completed task 'Create gradle.properties'
[17:38:30] INFO: Completed task 'Create gradle files'
[17:38:30] INFO: Started task 'Create fabric.mod.json'
[17:38:30] INFO: Completed task 'Create fabric.mod.json'
[17:38:30] INFO: Started task 'Create language files'
[17:38:30] INFO: Completed task 'Create language files'
[17:38:30] INFO: Started task 'Create Blocks.java'
[17:38:30] WARN: Block proto7_glass is transparent and transparent blocks hasn't been implemented yet
[17:38:30] WARN: Block proto7_leaves is transparent and transparent blocks hasn't been implemented yet
[17:38:30] INFO: Completed task 'Create Blocks.java'
[17:38:30] INFO: Started task 'Create Items.java'
[17:38:30] WARN: Item tomato_1 is edible and edible items hasn't been implemented yet
[17:38:30] WARN: Item carrot_1 is edible and edible items hasn't been implemented yet
[17:38:30] WARN: Item coffee_1 is edible and edible items hasn't been implemented yet
[17:38:30] WARN: Item banana_1 is edible and edible items hasn't been implemented yet
[17:38:30] WARN: Item mango_1 is edible and edible items hasn't been implemented yet
[17:38:30] WARN: Item peanut_butter_1 is edible and edible items hasn't been implemented yet
[17:38:30] INFO: Completed task 'Create Items.java'
[17:38:30] INFO: Started task 'Create MainItemGroup.java'
[17:38:30] INFO: Completed task 'Create MainItemGroup.java'
[17:38:30] INFO: Started task 'Create recipe files'
[17:38:30] INFO: Started task 'PLACEHOLDER! main task 'crafting' sub task 'shaped''
[17:38:30] WARN: Shaped recipes not implemented
[17:38:30] INFO: Completed sub task 'PLACEHOLDER! main task 'crafting' sub task 'shaped''
[17:38:30] INFO: Started task 'PLACEHOLDER! main task 'crafting' sub task 'shapeless''
[17:38:30] INFO: Completed sub task 'PLACEHOLDER! main task 'crafting' sub task 'shapeless''
[17:38:30] INFO: Started task 'PLACEHOLDER! main task 'crafting' sub task 'smelting''
[17:38:30] INFO: Completed sub task 'PLACEHOLDER! main task 'crafting' sub task 'smelting''
[17:38:30] INFO: Completed task 'Create recipe files'
[17:38:30] INFO: Started task 'Copy resources to output'
[17:38:30] INFO: Started task 'Write language files'
[17:38:30] INFO: Completed sub task 'Write language files'
[17:38:30] INFO: Started task 'Write fabric.mod.json'
[17:38:30] INFO: Completed sub task 'Write fabric.mod.json'
[17:38:30] INFO: Started task 'Copy textures to output'
[17:38:30] INFO: Completed sub task 'Copy textures to output'
[17:38:30] INFO: Completed task 'Copy resources to output'
[17:38:30] INFO: Completed task 'Generate 'Minecraft Fabric 1.19.3' mod'
[17:41:15] INFO: Started task 'Generate 'Minecraft Fabric 1.19.3' mod'
[17:41:15] INFO: Started task 'Create gradle files'
[17:41:15] INFO: Completed task 'Create gradle files'
[17:41:15] INFO: Started task 'Create gradle files'
[17:41:15] INFO: Started task 'Create gradle.properties'
[17:41:15] INFO: Completed task 'Create gradle.properties'
[17:41:15] INFO: Completed task 'Create gradle files'
[17:41:15] INFO: Started task 'Create fabric.mod.json'
[17:41:15] INFO: Completed task 'Create fabric.mod.json'
[17:41:15] INFO: Started task 'Create language files'
[17:41:15] INFO: Completed task 'Create language files'
[17:41:15] INFO: Started task 'Create Blocks.java'
[17:41:15] WARN: Block proto7_glass is transparent and transparent blocks hasn't been implemented yet
[17:41:15] WARN: Block proto7_leaves is transparent and transparent blocks hasn't been implemented yet
[17:41:15] INFO: Completed task 'Create Blocks.java'
[17:41:15] INFO: Started task 'Create Items.java'
[17:41:15] WARN: Item tomato_1 is edible and edible items hasn't been implemented yet
[17:41:15] WARN: Item carrot_1 is edible and edible items hasn't been implemented yet
[17:41:15] WARN: Item coffee_1 is edible and edible items hasn't been implemented yet
[17:41:15] WARN: Item banana_1 is edible and edible items hasn't been implemented yet
[17:41:15] WARN: Item mango_1 is edible and edible items hasn't been implemented yet
[17:41:15] WARN: Item peanut_butter_1 is edible and edible items hasn't been implemented yet
[17:41:15] INFO: Completed task 'Create Items.java'
[17:41:15] INFO: Started task 'Create MainItemGroup.java'
[17:41:15] INFO: Completed task 'Create MainItemGroup.java'
[17:41:15] INFO: Started task 'Create recipe files'
[17:41:15] INFO: Started task 'PLACEHOLDER! main task 'crafting' sub task 'shaped''
[17:41:15] WARN: Shaped recipes not implemented
[17:41:15] INFO: Completed sub task 'PLACEHOLDER! main task 'crafting' sub task 'shaped''
[17:41:15] INFO: Started task 'PLACEHOLDER! main task 'crafting' sub task 'shapeless''
[17:41:15] INFO: Completed sub task 'PLACEHOLDER! main task 'crafting' sub task 'shapeless''
[17:41:15] INFO: Started task 'PLACEHOLDER! main task 'crafting' sub task 'smelting''
[17:41:15] INFO: Completed sub task 'PLACEHOLDER! main task 'crafting' sub task 'smelting''
[17:41:15] INFO: Completed task 'Create recipe files'
[17:41:15] INFO: Started task 'Copy resources to output'
[17:41:15] INFO: Started task 'Write language files'
[17:41:15] INFO: Completed sub task 'Write language files'
[17:41:15] INFO: Started task 'Write fabric.mod.json'
[17:41:15] INFO: Completed sub task 'Write fabric.mod.json'
[17:41:15] INFO: Started task 'Copy textures to output'
[17:41:15] INFO: Completed sub task 'Copy textures to output'
[17:41:15] INFO: Completed task 'Copy resources to output'
[17:41:15] INFO: Completed task 'Generate 'Minecraft Fabric 1.19.3' mod'
[17:45:38] INFO: Started task 'Generate 'Minecraft Fabric 1.19.3' mod'
[17:45:38] INFO: Started task 'Create gradle files'
[17:45:38] INFO: Completed task 'Create gradle files'
[17:45:38] INFO: Started task 'Create gradle files'
[17:45:38] INFO: Started task 'Create gradle.properties'
[17:45:38] INFO: Completed task 'Create gradle.properties'
[17:45:38] INFO: Completed task 'Create gradle files'
[17:45:38] INFO: Started task 'Create fabric.mod.json'
[17:45:38] INFO: Completed task 'Create fabric.mod.json'
[17:45:38] INFO: Started task 'Create language files'
[17:45:38] INFO: Completed task 'Create language files'
[17:45:38] INFO: Started task 'Create Blocks.java'
[17:45:38] WARN: Block proto7_glass is transparent and transparent blocks hasn't been implemented yet
[17:45:38] WARN: Block proto7_leaves is transparent and transparent blocks hasn't been implemented yet
[17:45:38] INFO: Completed task 'Create Blocks.java'
[17:45:38] INFO: Started task 'Create Items.java'
[17:45:38] WARN: Item tomato_1 is edible and edible items hasn't been implemented yet
[17:45:38] WARN: Item carrot_1 is edible and edible items hasn't been implemented yet
[17:45:38] WARN: Item coffee_1 is edible and edible items hasn't been implemented yet
[17:45:38] WARN: Item banana_1 is edible and edible items hasn't been implemented yet
[17:45:38] WARN: Item mango_1 is edible and edible items hasn't been implemented yet
[17:45:38] WARN: Item peanut_butter_1 is edible and edible items hasn't been implemented yet
[17:45:38] INFO: Completed task 'Create Items.java'
[17:45:38] INFO: Started task 'Create MainItemGroup.java'
[17:45:38] INFO: Completed task 'Create MainItemGroup.java'
[17:45:38] INFO: Started task 'Create recipe files'
[17:45:38] INFO: Started task 'PLACEHOLDER! main task 'crafting' sub task 'shaped''
[17:45:38] WARN: Shaped recipes not implemented
[17:45:38] INFO: Completed sub task 'PLACEHOLDER! main task 'crafting' sub task 'shaped''
[17:45:38] INFO: Started task 'PLACEHOLDER! main task 'crafting' sub task 'shapeless''
[17:45:38] INFO: Completed sub task 'PLACEHOLDER! main task 'crafting' sub task 'shapeless''
[17:45:38] INFO: Started task 'PLACEHOLDER! main task 'crafting' sub task 'smelting''
[17:45:38] INFO: Completed sub task 'PLACEHOLDER! main task 'crafting' sub task 'smelting''
[17:45:38] INFO: Completed task 'Create recipe files'
[17:45:38] INFO: Started task 'Copy resources to output'
[17:45:38] INFO: Started task 'Write language files'
[17:45:38] INFO: Completed sub task 'Write language files'
[17:45:38] INFO: Started task 'Write fabric.mod.json'
[17:45:38] INFO: Completed sub task 'Write fabric.mod.json'
[17:45:38] INFO: Started task 'Copy textures to output'
[17:45:38] INFO: Completed sub task 'Copy textures to output'
[17:45:38] INFO: Completed task 'Copy resources to output'
[17:45:38] INFO: Completed task 'Generate 'Minecraft Fabric 1.19.3' mod'
[17:47:00] INFO: Started task 'Generate 'Minecraft Fabric 1.19.3' mod'
[17:47:00] INFO: Started task 'Create gradle files'
[17:47:00] INFO: Completed task 'Create gradle files'
[17:47:00] INFO: Started task 'Create gradle files'
[17:47:00] INFO: Started task 'Create gradle.properties'
[17:47:00] INFO: Completed task 'Create gradle.properties'
[17:47:00] INFO: Completed task 'Create gradle files'
[17:47:00] INFO: Started task 'Create fabric.mod.json'
[17:47:00] INFO: Completed task 'Create fabric.mod.json'
[17:47:00] INFO: Started task 'Create language files'
[17:47:00] INFO: Completed task 'Create language files'
[17:47:00] INFO: Started task 'Create Blocks.java'
[17:47:00] WARN: Block proto7_glass is transparent and transparent blocks hasn't been implemented yet
[17:47:00] WARN: Block proto7_leaves is transparent and transparent blocks hasn't been implemented yet
[17:47:00] INFO: Completed task 'Create Blocks.java'
[17:47:00] INFO: Started task 'Create Items.java'
[17:47:00] WARN: Item tomato_1 is edible and edible items hasn't been implemented yet
[17:47:00] WARN: Item carrot_1 is edible and edible items hasn't been implemented yet
[17:47:00] WARN: Item coffee_1 is edible and edible items hasn't been implemented yet
[17:47:00] WARN: Item banana_1 is edible and edible items hasn't been implemented yet
[17:47:00] WARN: Item mango_1 is edible and edible items hasn't been implemented yet
[17:47:00] WARN: Item peanut_butter_1 is edible and edible items hasn't been implemented yet
[17:47:00] INFO: Completed task 'Create Items.java'
[17:47:00] INFO: Started task 'Create MainItemGroup.java'
[17:47:00] INFO: Completed task 'Create MainItemGroup.java'
[17:47:00] INFO: Started task 'Create recipe files'
[17:47:00] INFO: Started task 'PLACEHOLDER! main task 'crafting' sub task 'shaped''
[17:47:00] WARN: Shaped recipes not implemented
[17:47:00] INFO: Completed sub task 'PLACEHOLDER! main task 'crafting' sub task 'shaped''
[17:47:00] INFO: Started task 'PLACEHOLDER! main task 'crafting' sub task 'shapeless''
[17:47:00] INFO: Completed sub task 'PLACEHOLDER! main task 'crafting' sub task 'shapeless''
[17:47:00] INFO: Started task 'PLACEHOLDER! main task 'crafting' sub task 'smelting''
[17:47:00] INFO: Completed sub task 'PLACEHOLDER! main task 'crafting' sub task 'smelting''
[17:47:00] INFO: Completed task 'Create recipe files'
[17:47:00] INFO: Started task 'Copy resources to output'
[17:47:00] INFO: Started task 'Write language files'
[17:47:00] INFO: Completed sub task 'Write language files'
[17:47:00] INFO: Started task 'Write fabric.mod.json'
[17:47:00] INFO: Completed sub task 'Write fabric.mod.json'
[17:47:00] INFO: Started task 'Copy textures to output'
[17:47:00] INFO: Completed sub task 'Copy textures to output'
[17:47:00] INFO: Completed task 'Copy resources to output'
[17:47:00] INFO: Completed task 'Generate 'Minecraft Fabric 1.19.3' mod'
[17:52:05] INFO: Started task 'Generate 'Minecraft Fabric 1.19.3' mod'
[17:52:05] INFO: Started task 'Create gradle files'
[17:52:05] INFO: Completed task 'Create gradle files'
[17:52:05] INFO: Started task 'Create gradle files'
[17:52:05] INFO: Started task 'Create gradle.properties'
[17:52:05] INFO: Completed task 'Create gradle.properties'
[17:52:05] INFO: Completed task 'Create gradle files'
[17:52:05] INFO: Started task 'Create fabric.mod.json'
[17:52:05] INFO: Completed task 'Create fabric.mod.json'
[17:52:05] INFO: Started task 'Create language files'
[17:52:05] INFO: Completed task 'Create language files'
[17:52:05] INFO: Started task 'Create Blocks.java'
[17:52:05] WARN: Block proto7_glass is transparent and transparent blocks hasn't been implemented yet
[17:52:05] WARN: Block proto7_leaves is transparent and transparent blocks hasn't been implemented yet
[17:52:05] INFO: Completed task 'Create Blocks.java'
[17:52:05] INFO: Started task 'Create Items.java'
[17:52:05] WARN: Item tomato_1 is edible and edible items hasn't been implemented yet
[17:52:05] WARN: Item carrot_1 is edible and edible items hasn't been implemented yet
[17:52:05] WARN: Item coffee_1 is edible and edible items hasn't been implemented yet
[17:52:05] WARN: Item banana_1 is edible and edible items hasn't been implemented yet
[17:52:05] WARN: Item mango_1 is edible and edible items hasn't been implemented yet
[17:52:05] WARN: Item peanut_butter_1 is edible and edible items hasn't been implemented yet
[17:52:05] INFO: Completed task 'Create Items.java'
[17:52:05] INFO: Started task 'Create MainItemGroup.java'
[17:52:05] INFO: Completed task 'Create MainItemGroup.java'
[17:52:05] INFO: Started task 'Create recipe files'
[17:52:05] INFO: Started task 'PLACEHOLDER! main task 'crafting' sub task 'shaped''
[17:52:05] WARN: Shaped recipes not implemented
[17:52:05] INFO: Completed sub task 'PLACEHOLDER! main task 'crafting' sub task 'shaped''
[17:52:05] INFO: Started task 'PLACEHOLDER! main task 'crafting' sub task 'shapeless''
[17:52:05] INFO: Completed sub task 'PLACEHOLDER! main task 'crafting' sub task 'shapeless''
[17:52:05] INFO: Started task 'PLACEHOLDER! main task 'crafting' sub task 'smelting''
[17:52:05] INFO: Completed sub task 'PLACEHOLDER! main task 'crafting' sub task 'smelting''
[17:52:05] INFO: Completed task 'Create recipe files'
[17:52:05] INFO: Started task 'Copy resources to output'
[17:52:05] INFO: Started task 'Write language files'
[17:52:05] INFO: Completed sub task 'Write language files'
[17:52:05] INFO: Started task 'Write fabric.mod.json'
[17:52:05] INFO: Completed sub task 'Write fabric.mod.json'
[17:52:05] INFO: Started task 'Copy textures to output'
[17:52:05] INFO: Completed sub task 'Copy textures to output'
[17:52:05] INFO: Completed task 'Copy resources to output'
[17:52:05] INFO: Completed task 'Generate 'Minecraft Fabric 1.19.3' mod'
